Vercel CLI 48.10.7
Retrieving project…
Deploying youbas-projects/afrikoni-marketplace
Uploading [--------------------] (0.0B/2.3MB)
Uploading [=====---------------] (614.5KB/2.3MB)
Uploading [==========----------] (1.2MB/2.3MB)
Uploading [===============-----] (1.8MB/2.3MB)
Uploading [====================] (2.3MB/2.3MB)
Inspect: https://vercel.com/youbas-projects/afrikoni-marketplace/9ZNhk4HxC1PjNSapkbpuxedNEarE [5s]
Production: https://afrikoni-marketplace-cc9ci7rzn-youbas-projects.vercel.app [5s]
https://afrikoni-marketplace-cc9ci7rzn-youbas-projects.vercel.appQueued...
Queued...
Building: Running build in Washington, D.C., USA (East) – iad1
Building: Build machine configuration: 2 cores, 8 GB
Building: Retrieving list of deployment files...
Building: Downloading 478 deployment files...
Building: Restored build cache from previous deployment (Hyn2EYAC1AWeDs7J5fMCRRULJwzW)
Building: Running "vercel build"
Building: Vercel CLI 48.12.1
Building: Installing dependencies...
Building: up to date in 888ms
Building: 27 packages are looking for funding
Building: run `npm fund` for details
Building: Running "npm run build"
Building: > afrikoni-marketplace@1.0.0 build
Building: > vite build
Building: vite v5.4.21 building for production...
Building: transforming...
Building: ✓ 3466 modules transformed.
Building: rendering chunks...
Building: [plugin:vite:reporter] [plugin vite:reporter]
Building: (!) /vercel/path0/src/api/supabaseClient.js is dynamically imported by /vercel/path0/src/ai/aiFunctions.js, /vercel/path0/src/pages/dashboard/admin/review.jsx, /vercel/path0/src/services/emailService.js but also statically imported by /vercel/path0/src/components/ProtectedRoute.jsx, /vercel/path0/src/components/auth/FacebookSignIn.jsx, /vercel/path0/src/components/auth/GoogleSignIn.jsx, /vercel/path0/src/components/layout/Navbar.jsx, /vercel/path0/src/components/messaging/NewMessageDialog.jsx, /vercel/path0/src/components/notificationbell.jsx, /vercel/path0/src/components/products/ProductImageUploader.jsx, /vercel/path0/src/components/products/SmartImageUploader.jsx, /vercel/path0/src/components/reviews/ReviewForm.jsx, /vercel/path0/src/components/search/SearchSuggestions.jsx, /vercel/path0/src/components/ui/SaveButton.jsx, /vercel/path0/src/hooks/useSessionRefresh.js, /vercel/path0/src/layout.jsx, /vercel/path0/src/layouts/DashboardLayout.jsx, /vercel/path0/src/pages/addproduct-smart.jsx, /vercel/path0/src/pages/addproduct.jsx, /vercel/path0/src/pages/aimatchmaking.jsx, /vercel/path0/src/pages/analytics.jsx, /vercel/path0/src/pages/auth-callback.jsx, /vercel/path0/src/pages/buyercentral.jsx, /vercel/path0/src/pages/categories.jsx, /vercel/path0/src/pages/compare.jsx, /vercel/path0/src/pages/contact.jsx, /vercel/path0/src/pages/countries.jsx, /vercel/path0/src/pages/createrfq.jsx, /vercel/path0/src/pages/dashboard/DashboardHome.jsx, /vercel/path0/src/pages/dashboard/admin/analytics.jsx, /vercel/path0/src/pages/dashboard/admin/marketplace.jsx, /vercel/path0/src/pages/dashboard/admin/revenue.jsx, /vercel/path0/src/pages/dashboard/admin/review.jsx, /vercel/path0/src/pages/dashboard/admin/reviews.jsx, /vercel/path0/src/pages/dashboard/admin/users.jsx, /vercel/path0/src/pages/dashboard/analytics.jsx, /vercel/path0/src/pages/dashboard/anticorruption.jsx, /vercel/path0/src/pages/dashboard/audit.jsx, /vercel/path0/src/pages/dashboard/company-info.jsx, /vercel/path0/src/pages/dashboard/compliance.jsx, /vercel/path0/src/pages/dashboard/crisis.jsx, /vercel/path0/src/pages/dashboard/index.jsx, /vercel/path0/src/pages/dashboard/koniai.jsx, /vercel/path0/src/pages/dashboard/kyc.jsx, /vercel/path0/src/pages/dashboard/logistics-dashboard.jsx, /vercel/path0/src/pages/dashboard/notifications.jsx, /vercel/path0/src/pages/dashboard/orders.jsx, /vercel/path0/src/pages/dashboard/orders/[id].jsx, /vercel/path0/src/pages/dashboard/payments.jsx, /vercel/path0/src/pages/dashboard/products.jsx, /vercel/path0/src/pages/dashboard/products/new.jsx, /vercel/path0/src/pages/dashboard/protection.jsx, /vercel/path0/src/pages/dashboard/rfqs.jsx, /vercel/path0/src/pages/dashboard/rfqs/[id].jsx, /vercel/path0/src/pages/dashboard/risk.jsx, /vercel/path0/src/pages/dashboard/sales.jsx, /vercel/path0/src/pages/dashboard/saved.jsx, /vercel/path0/src/pages/dashboard/settings.jsx, /vercel/path0/src/pages/dashboard/shipments.jsx, /vercel/path0/src/pages/dashboard/shipments/[id].jsx, /vercel/path0/src/pages/dashboard/supplier-analytics.jsx, /vercel/path0/src/pages/index.jsx, /vercel/path0/src/pages/login.jsx, /vercel/path0/src/pages/marketplace.jsx, /vercel/path0/src/pages/messages-premium.jsx, /vercel/path0/src/pages/onboarding.jsx, /vercel/path0/src/pages/orderdetails.jsx, /vercel/path0/src/pages/orders.jsx, /vercel/path0/src/pages/payementgateways.jsx, /vercel/path0/src/pages/productdetails.jsx, /vercel/path0/src/pages/products.jsx, /vercel/path0/src/pages/rfq-marketplace.jsx, /vercel/path0/src/pages/rfqdetails.jsx, /vercel/path0/src/pages/rfqmanagement.jsx, /vercel/path0/src/pages/signup.jsx, /vercel/path0/src/pages/sitemap.xml.jsx, /vercel/path0/src/pages/supplier-onboarding.jsx, /vercel/path0/src/pages/supplierprofile.jsx, /vercel/path0/src/pages/suppliers.jsx, /vercel/path0/src/pages/tradefinancing.jsx, /vercel/path0/src/pages/verification-center.jsx, /vercel/path0/src/services/notificationService.js, /vercel/path0/src/utils/authHelpers.js, /vercel/path0/src/utils/preloadData.js, /vercel/path0/src/utils/queryBuilders.js, dynamic import will not move module in
Building: [plugin:vite:reporter] [plugin vite:reporter]
Building: (!) /vercel/path0/src/utils/companyHelper.js is dynamically imported by /vercel/path0/src/components/notificationbell.jsx, /vercel/path0/src/components/notificationbell.jsx, /vercel/path0/src/pages/addproduct-smart.jsx, /vercel/path0/src/pages/addproduct-smart.jsx, /vercel/path0/src/pages/addproduct.jsx, /vercel/path0/src/pages/addproduct.jsx, /vercel/path0/src/pages/createrfq.jsx, /vercel/path0/src/pages/dashboard/notifications.jsx, /vercel/path0/src/pages/dashboard/payments.jsx, /vercel/path0/src/pages/dashboard/products/new.jsx, /vercel/path0/src/pages/dashboard/protection.jsx, /vercel/path0/src/pages/dashboard/sales.jsx, /vercel/path0/src/pages/messages-premium.jsx, /vercel/path0/src/pages/orders.jsx, /vercel/path0/src/pages/rfqmanagement.jsx but also statically imported by /vercel/path0/src/pages/dashboard/supplier-analytics.jsx, /vercel/path0/src/pages/onboarding.jsx, /vercel/path0/src/pages/supplier-onboarding.jsx, /vercel/path0/src/pages/verification-center.jsx, /vercel/path0/src/utils/authHelpers.js, dynamic import will not move module into another chunk.
Building: [plugin:vite:reporter] [plugin vite:reporter]
Building: (!) /vercel/path0/src/utils/authHelpers.js is dynamically imported by /vercel/path0/src/components/messaging/NewMessageDialog.jsx, /vercel/path0/src/components/notificationbell.jsx, /vercel/path0/src/components/reviews/ReviewForm.jsx, /vercel/path0/src/components/ui/SaveButton.jsx, /vercel/path0/src/layout.jsx, /vercel/path0/src/layouts/DashboardLayout.jsx, /vercel/path0/src/pages/addproduct-smart.jsx, /vercel/path0/src/pages/addproduct.jsx, /vercel/path0/src/pages/analytics.jsx, /vercel/path0/src/pages/createrfq.jsx, /vercel/path0/src/pages/dashboard/koniai.jsx, /vercel/path0/src/pages/dashboard/notifications.jsx, /vercel/path0/src/pages/dashboard/orders/[id].jsx, /vercel/path0/src/pages/dashboard/payments.jsx, /vercel/path0/src/pages/dashboard/protection.jsx, /vercel/path0/src/pages/dashboard/sales.jsx, /vercel/path0/src/pages/dashboard/saved.jsx, /vercel/path0/src/pages/dashboard/saved.jsx, /vercel/path0/src/pages/dashboard/settings.jsx, /vercel/path0/src/pages/dashboard/settings.jsx, /vercel/path0/src/pages/dashboard/settings.jsx, /vercel/path0/src/pages/marketplace.jsx, /vercel/path0/src/pages/messages-premium.jsx, /vercel/path0/src/pages/orderdetails.jsx, /vercel/path0/src/pages/orders.jsx, /vercel/path0/src/pages/payementgateways.jsx, /vercel/path0/src/pages/productdetails.jsx, /vercel/path0/src/pages/rfqdetails.jsx, /vercel/path0/src/pages/rfqmanagement.jsx, /vercel/path0/src/pages/supplierprofile.jsx, /vercel/path0/src/pages/tradefinancing.jsx but also statically imported by /vercel/path0/src/components/ProtectedRoute.jsx, /vercel/path0/src/layouts/DashboardLayout.jsx, /vercel/path0/src/pages/auth-callback.jsx, /vercel/path0/src/pages/dashboard/DashboardHome.jsx, /vercel/path0/src/pages/dashboard/admin/analytics.jsx, /vercel/path0/src/pages/dashboard/admin/marketplace.jsx, /vercel/path0/src/pages/dashboard/admin/revenue.jsx, /vercel/path0/src/pages/dashboard/admin/review.jsx, /vercel/path0/src/pages/dashboard/admin/reviews.jsx, /vercel/path0/src/pages/dashboard/admin/users.jsx, /vercel/path0/src/pages/dashboard/analytics.jsx, /vercel/path0/src/pages/dashboard/anticorruption.jsx, /vercel/path0/src/pages/dashboard/audit.jsx, /vercel/path0/src/pages/dashboard/compliance.jsx, /vercel/path0/src/pages/dashboard/crisis.jsx, /vercel/path0/src/pages/dashboard/index.jsx, /vercel/path0/src/pages/dashboard/kyc.jsx, /vercel/path0/src/pages/dashboard/logistics-dashboard.jsx, /vercel/path0/src/pages/dashboard/orders.jsx, /vercel/path0/src/pages/dashboard/orders/[id].jsx, /vercel/path0/src/pages/dashboard/products.jsx, /vercel/path0/src/pages/dashboard/products/new.jsx, /vercel/path0/src/pages/dashboard/rfqs.jsx, /vercel/path0/src/pages/dashboard/rfqs/[id].jsx, /vercel/path0/src/pages/dashboard/risk.jsx, /vercel/path0/src/pages/dashboard/shipments.jsx, /vercel/path0/src/pages/dashboard/shipments/[id].jsx, /vercel/path0/src/pages/dashboard/supplier-analytics.jsx, /vercel/path0/src/pages/login.jsx, /vercel/path0/src/pages/onboarding.jsx, /vercel/path0/src/pages/supplier-onboarding.jsx, /vercel/path0/src/pages/verification-center.jsx, /vercel/path0/src/utils/preloadData.js, dynamic import will not move module into another chunk.
Building: [plugin:vite:reporter] [plugin vite:reporter]
Building: (!) /vercel/path0/src/ai/aiClient.js is dynamically imported by /vercel/path0/src/components/services/AIDescriptionService.js but also statically imported by /vercel/path0/src/ai/aiFunctions.js, /vercel/path0/src/ai/aiRewrite.js, dynamic import will not move module into another chunk.
Building: computing gzip size...
Building: dist/index.html                                                        1.32 kB │ gzip:   0.56 kB
Building: dist/assets/index-Ct4GuqGN.css                                        78.74 kB │ gzip:  13.02 kB
Building: dist/assets/admindashboard-CvCCAkqR.js                                 0.32 kB │ gzip:   0.22 kB
Building: dist/assets/cookies-DVt5l5p9.js                                        0.97 kB │ gzip:   0.53 kB
Building: dist/assets/buyer-protection-rTtUgbZE.js                               1.03 kB │ gzip:   0.55 kB
Building: dist/assets/privacy-Cyr_kET5.js                                        1.04 kB │ gzip:   0.56 kB
Building: dist/assets/anti-corruption-policy-C1dcilxo.js                         1.05 kB │ gzip:   0.57 kB
Building: dist/assets/terms-sjIwOXks.js                                          1.05 kB │ gzip:   0.57 kB
Building: dist/assets/seller-agreement-Cx4_qgKk.js                               1.07 kB │ gzip:   0.59 kB
Building: dist/assets/trending-Dz_P75K5.js                                       1.76 kB │ gzip:   0.87 kB
Building: dist/assets/anti-fraud-ArdZJA8o.js                                     1.78 kB │ gzip:   0.84 kB
Building: dist/assets/inspection-DFrgBWl5.js                                     2.35 kB │ gzip:   0.93 kB
Building: dist/assets/escrow-vs-advance-payments-in-african-trade-DCL6nkYJ.js    2.88 kB │ gzip:   1.21 kB
Building: dist/assets/multicurrency-CgBgqNqK.js                                  2.90 kB │ gzip:   1.09 kB
Building: dist/assets/index-ELOfeWYa.js                                          3.28 kB │ gzip:   1.36 kB
Building: dist/assets/kyc-kyb-and-aml-for-african-b2b-trade-DIRpVJ99.js          3.28 kB │ gzip:   1.42 kB
Building: dist/assets/analytics-B-8p_bp5.js                                      3.39 kB │ gzip:   1.34 kB
Building: dist/assets/disputes-Dn6SJfKl.js                                       3.49 kB │ gzip:   1.39 kB
Building: dist/assets/selleronboarding-Jz5NQ2Q9.js                               3.53 kB │ gzip:   1.39 kB
Building: dist/assets/how-to-source-verified-african-suppliers-DwjI38mA.js       3.97 kB │ gzip:   1.61 kB
Building: dist/assets/protection-Baq9_iOR.js                                     4.06 kB │ gzip:   1.48 kB
Building: dist/assets/orders-BBXfDm2z.js                                         4.33 kB │ gzip:   1.58 kB
Building: dist/assets/aimatchmaking-CP3jDBJc.js                                  4.58 kB │ gzip:   1.90 kB
Building: dist/assets/become-supplier-BmxnOREm.js                                4.92 kB │ gzip:   1.65 kB
Building: dist/assets/investors-D92yFZ9L.js                                      5.21 kB │ gzip:   1.80 kB
Building: dist/assets/notificationService-DH1UQHYY.js                            5.26 kB │ gzip:   1.80 kB
Building: dist/assets/sellergrowth-C5WVkY_j.js                                   5.32 kB │ gzip:   1.87 kB
Building: dist/assets/tradefinancing-KKnd-ZKY.js                                 6.21 kB │ gzip:   2.09 kB
Building: dist/assets/rfqmanagement-BsdwMXJA.js                                  6.30 kB │ gzip:   2.00 kB
Building: dist/assets/escrow-policy-D-ybQNr5.js                                  6.64 kB │ gzip:   1.89 kB
Building: dist/assets/logistics-BtWjuauI.js                                      7.14 kB │ gzip:   2.07 kB
Building: dist/assets/orderdetails-D2L_vq21.js                                   7.77 kB │ gzip:   2.33 kB
Building: dist/assets/countries-DrKJkSZk.js                                      8.04 kB │ gzip:   2.88 kB
Building: dist/assets/supplier-hub-C-73EpPK.js                                   8.05 kB │ gzip:   2.19 kB
Building: dist/assets/buyercentral-DFeuufgk.js                                   8.16 kB │ gzip:   2.16 kB
Building: dist/assets/buyer-hub-ACIoy1Xm.js                                      8.22 kB │ gzip:   2.23 kB
Building: dist/assets/payementgateways-CMk6ViSe.js                               8.35 kB │ gzip:   2.81 kB
Building: dist/assets/order-protection-CQlv62U4.js                               8.40 kB │ gzip:   2.32 kB
Building: dist/assets/suppliers-DzkO46x8.js                                      9.35 kB │ gzip:   3.05 kB
Building: dist/assets/contact-BrUzFZoc.js                                        9.52 kB │ gzip:   2.98 kB
Building: dist/assets/rfqdetails-Cxzop4kR.js                                     9.95 kB │ gzip:   3.05 kB
Building: dist/assets/rfq-marketplace-PI_sjVm4.js                               11.46 kB │ gzip:   3.79 kB
Building: dist/assets/compare-qGKcuawz.js                                       13.36 kB │ gzip:   3.30 kB
Building: dist/assets/addproduct-CnNk8CR4.js                                    13.41 kB │ gzip:   3.58 kB
Building: dist/assets/createrfq-jYvwhcoW.js                                     14.18 kB │ gzip:   4.71 kB
Building: dist/assets/pricing-BRfHjiWx.js                                       15.03 kB │ gzip:   3.84 kB
Building: dist/assets/help-BFciszqK.js                                          15.84 kB │ gzip:   5.02 kB
Building: dist/assets/supplierprofile-BQd9FhFn.js                               16.51 kB │ gzip:   4.24 kB
Building: dist/assets/verification-center-CvB8nxWS.js                           16.54 kB │ gzip:   5.11 kB
Building: dist/assets/supplier-onboarding-CO8xBICf.js                           24.49 kB │ gzip:   5.95 kB
Building: dist/assets/categories-BaruwZn7.js                                    24.96 kB │ gzip:   7.52 kB
Building: dist/assets/messages-premium-D21TTrA-.js                              30.01 kB │ gzip:   8.42 kB
Building: dist/assets/addproduct-smart-f7hrzSOR.js                              31.10 kB │ gzip:   8.04 kB
Building: dist/assets/vendor-utils-DElYpfCs.js                                  57.87 kB │ gzip:  15.93 kB
Building: dist/assets/vendor-ui-u0njtYrv.js                                     78.76 kB │ gzip:  25.57 kB
Building: dist/assets/dashboard-admin-Cor9xw2Q.js                               96.79 kB │ gzip:  16.12 kB
Building: dist/assets/marketplace-e_HQ8MXp.js                                  117.93 kB │ gzip:  30.48 kB
Building: dist/assets/index-C_N0jzkC.js                                        119.50 kB │ gzip:  25.71 kB
Building: dist/assets/vendor-react-DFLd3UvP.js                                 225.32 kB │ gzip:  64.74 kB
Building: dist/assets/vendor-charts-BuM6Fwr-.js                                286.58 kB │ gzip:  64.84 kB
Building: dist/assets/vendor-other-DoTHecC9.js                                 390.51 kB │ gzip: 121.22 kB
Building: dist/assets/dashboard-CMYyf_6L.js                                    694.77 kB │ gzip: 142.83 kB
Building: ✓ built in 11.26s
Building: (!) Some chunks are larger than 600 kB after minification. Consider:
Building: - Using dynamic import() to code-split the application
Building: - Use build.rollupOptions.output.manualChunks to improve chunking: https://rollupjs.org/configuration-options/#output-manualchunks
Building: - Adjust chunk size limit for this warning via build.chunkSizeWarningLimit.
Building: Build Completed in /vercel/output [13s]
Building: Deploying outputs...
Building: Deployment completed
Building: Creating build cache...
[2K[1A[2K[GProduction: https://afrikoni-marketplace-cc9ci7rzn-youbas-projects.vercel.app [33s]
Completing...

Common next commands:
- `vercel inspect afrikoni-marketplace-cc9ci7rzn-youbas-projects.vercel.app --logs`
- `vercel redeploy afrikoni-marketplace-cc9ci7rzn-youbas-projects.vercel.app`
